#
# There is insufficient memory for the Java Runtime Environment to continue.
# Native memory allocation (mmap) failed to map 132120576 bytes for Failed to commit area from 0x0000000082400000 to 0x000000008a200000 of length 132120576.
# Possible reasons:
#   The system is out of physical RAM or swap space
#   The process is running with CompressedOops enabled, and the Java Heap may be blocking the growth of the native heap
# Possible solutions:
#   Reduce memory load on the system
#   Increase physical memory or swap space
#   Check if swap backing store is full
#   Decrease Java heap size (-Xmx/-Xms)
#   Decrease number of Java threads
#   Decrease Java thread stack sizes (-Xss)
#   Set larger code cache with -XX:ReservedCodeCacheSize=
# This output file may be truncated or incomplete.
#
#  Out of Memory Error (./open/src/hotspot/os/windows/os_windows.cpp:3273), pid=5252, tid=7028
#
# JRE version:  (11.0.11+9) (build )
# Java VM: Java HotSpot(TM) 64-Bit Server VM (11.0.11+9-LTS-194, mixed mode, sharing, tiered, compressed oops, g1 gc, windows-amd64)
# No core dump will be written. Minidumps are not enabled by default on client versions of Windows
#

---------------  S U M M A R Y ------------

Command Line: -Dfile.encoding=UTF-8 ejercicio5.Principal

Host: Intel(R) Core(TM) i5-9300H CPU @ 2.40GHz, 8 cores, 7G,  Windows 10 , 64 bit Build 19041 (10.0.19041.1348)
Time: Sun Dec 19 13:52:25 2021 Hora estándar romance elapsed time: 0.018968 seconds (0d 0h 0m 0s)

---------------  T H R E A D  ---------------

Current thread (0x0000023b85af5800):  JavaThread "Unknown thread" [_thread_in_vm, id=7028, stack(0x000000d239000000,0x000000d239100000)]

Stack: [0x000000d239000000,0x000000d239100000]
Native frames: (J=compiled Java code, j=interpreted, Vv=VM code, C=native code)
V  [jvm.dll+0x616f2a]
V  [jvm.dll+0x74de7f]
V  [jvm.dll+0x74f505]
V  [jvm.dll+0x74fb83]
V  [jvm.dll+0x2436d8]
V  [jvm.dll+0x61431a]
V  [jvm.dll+0x6090f5]
V  [jvm.dll+0x2f7eec]
V  [jvm.dll+0x2f7d72]
V  [jvm.dll+0x2fca26]
V  [jvm.dll+0x33efef]
V  [jvm.dll+0x33ea20]
V  [jvm.dll+0x2d5608]
V  [jvm.dll+0x2d6766]
V  [jvm.dll+0x7299e7]
V  [jvm.dll+0x72b28f]
V  [jvm.dll+0x34bd39]
V  [jvm.dll+0x70f360]
V  [jvm.dll+0x3b50df]
V  [jvm.dll+0x3b71e1]
C  [jli.dll+0x520b]
C  [ucrtbase.dll+0x21bb2]
C  [KERNEL32.DLL+0x17034]
C  [ntdll.dll+0x52651]


---------------  P R O C E S S  ---------------

Threads class SMR info:
_java_thread_list=0x0000023b84092c30, length=0, elements={
}

Java Threads: ( => current thread )

Other Threads:
  0x0000023b85b0a000 GCTaskThread "GC Thread#0" [stack: 0x000000d239100000,0x000000d239200000] [id=16144]
  0x0000023b85b3b000 ConcurrentGCThread "G1 Main Marker" [stack: 0x000000d239200000,0x000000d239300000] [id=6696]
  0x0000023b85b3c800 ConcurrentGCThread "G1 Conc#0" [stack: 0x000000d239300000,0x000000d239400000] [id=3456]

[error occurred during error reporting (printing all threads), id 0xc0000005, EXCEPTION_ACCESS_VIOLATION (0xc0000005) at pc=0x00007fffcbab4857]

VM state:not at safepoint (not fully initialized)

VM Mutex/Monitor currently owned by a thread:  ([mutex/lock_event])
[0x0000023b85aeee30] Heap_lock - owner thread: 0x0000023b85af5800

Heap address: 0x0000000082400000, size: 2012 MB, Compressed Oops mode: Non-zero based: 0x0000000082400000
Narrow klass base: 0x0000000000000000, Narrow klass shift: 0

GC Heap History (0 events):
No events

Deoptimization events (0 events):
No events

Classes redefined (0 events):
No events

Internal exceptions (0 events):
No events

Events (0 events):
No events


Dynamic libraries:
0x00007ff7cbad0000 - 0x00007ff7cbadf000 	C:\Program Files\Java\jdk-11.0.11\bin\javaw.exe
0x00007ff8301d0000 - 0x00007ff8303c5000 	C:\Windows\SYSTEM32\ntdll.dll
0x00007ff82ec40000 - 0x00007ff82ecfe000 	C:\Windows\System32\KERNEL32.DLL
0x00007ff82da10000 - 0x00007ff82dcd8000 	C:\Windows\System32\KERNELBASE.dll
0x00007ff82e050000 - 0x00007ff82e150000 	C:\Windows\System32\ucrtbase.dll
0x00007ff829300000 - 0x00007ff829315000 	C:\Program Files\Java\jdk-11.0.11\bin\VCRUNTIME140.dll
0x00007ff8283f0000 - 0x00007ff828408000 	C:\Program Files\Java\jdk-11.0.11\bin\jli.dll
0x00007ff82f630000 - 0x00007ff82f6dc000 	C:\Windows\System32\ADVAPI32.dll
0x00007ff8300f0000 - 0x00007ff83018e000 	C:\Windows\System32\msvcrt.dll
0x00007ff830050000 - 0x00007ff8300eb000 	C:\Windows\System32\sechost.dll
0x00007ff82ef30000 - 0x00007ff82f05a000 	C:\Windows\System32\RPCRT4.dll
0x00007ff82fea0000 - 0x00007ff830041000 	C:\Windows\System32\USER32.dll
0x00007ff8144f0000 - 0x00007ff81478a000 	C:\Windows\WinSxS\amd64_microsoft.windows.common-controls_6595b64144ccf1df_6.0.19041.1110_none_60b5254171f9507e\COMCTL32.dll
0x00007ff82e1e0000 - 0x00007ff82e202000 	C:\Windows\System32\win32u.dll
0x00007ff82eb50000 - 0x00007ff82eb7b000 	C:\Windows\System32\GDI32.dll
0x00007ff82dd90000 - 0x00007ff82de9d000 	C:\Windows\System32\gdi32full.dll
0x00007ff8278b0000 - 0x00007ff8278ba000 	C:\Windows\SYSTEM32\VERSION.dll
0x00007ff82d8e0000 - 0x00007ff82d97d000 	C:\Windows\System32\msvcp_win.dll
0x00007ff82ec10000 - 0x00007ff82ec40000 	C:\Windows\System32\IMM32.DLL
0x00007ff8003c0000 - 0x00007ff80045b000 	C:\Program Files\Java\jdk-11.0.11\bin\msvcp140.dll
0x00007fffcb7d0000 - 0x00007fffcc2ce000 	C:\Program Files\Java\jdk-11.0.11\bin\server\jvm.dll
0x00007ff82e9c0000 - 0x00007ff82e9c8000 	C:\Windows\System32\PSAPI.DLL
0x00007ff829210000 - 0x00007ff829237000 	C:\Windows\SYSTEM32\WINMM.dll
0x00007ff80e380000 - 0x00007ff80e389000 	C:\Windows\SYSTEM32\WSOCK32.dll
0x00007ff82f4e0000 - 0x00007ff82f54b000 	C:\Windows\System32\WS2_32.dll
0x00007ff82b820000 - 0x00007ff82b832000 	C:\Windows\SYSTEM32\kernel.appcore.dll
0x00007ff828450000 - 0x00007ff828460000 	C:\Program Files\Java\jdk-11.0.11\bin\verify.dll
0x00007ff82b100000 - 0x00007ff82b2e4000 	C:\Windows\SYSTEM32\DBGHELP.DLL
0x00007ff8130b0000 - 0x00007ff8130dc000 	C:\Windows\SYSTEM32\dbgcore.DLL
0x00007ff82d980000 - 0x00007ff82da02000 	C:\Windows\System32\bcryptPrimitives.dll
0x00007ff816860000 - 0x00007ff816888000 	C:\Program Files\Java\jdk-11.0.11\bin\java.dll
0x00007ff827d40000 - 0x00007ff827d4a000 	C:\Program Files\Java\jdk-11.0.11\bin\jimage.dll
0x00007ff827b40000 - 0x00007ff827b56000 	C:\Program Files\Java\jdk-11.0.11\bin\zip.dll

dbghelp: loaded successfully - version: 4.0.5 - missing functions: none
symbol engine: initialized successfully - sym options: 0x614 - pdb path: .;C:\Program Files\Java\jdk-11.0.11\bin;C:\Windows\SYSTEM32;C:\Windows\WinSxS\amd64_microsoft.windows.common-controls_6595b64144ccf1df_6.0.19041.1110_none_60b5254171f9507e;C:\Program Files\Java\jdk-11.0.11\bin\server

VM Arguments:
jvm_args: -Dfile.encoding=UTF-8 
java_command: ejercicio5.Principal
java_class_path (initial): C:\Users\josel\Desktop\Modulos\Programacion-1-DAM\Tema2Arrays\bin
Launcher Type: SUN_STANDARD

[Global flags]
     intx CICompilerCount                          = 4                                         {product} {ergonomic}
     uint ConcGCThreads                            = 2                                         {product} {ergonomic}
     uint G1ConcRefinementThreads                  = 8                                         {product} {ergonomic}
   size_t G1HeapRegionSize                         = 1048576                                   {product} {ergonomic}
    uintx GCDrainStackTargetSize                   = 64                                        {product} {ergonomic}
   size_t InitialHeapSize                          = 132120576                                 {product} {ergonomic}
   size_t MarkStackSize                            = 4194304                                   {product} {ergonomic}
   size_t MaxHeapSize                              = 2109734912                                {product} {ergonomic}
   size_t MinHeapDeltaBytes                        = 1048576                                   {product} {ergonomic}
    uintx NonNMethodCodeHeapSize                   = 5836300                                {pd product} {ergonomic}
    uintx NonProfiledCodeHeapSize                  = 122910970                              {pd product} {ergonomic}
    uintx ProfiledCodeHeapSize                     = 122910970                              {pd product} {ergonomic}
    uintx ReservedCodeCacheSize                    = 251658240                              {pd product} {ergonomic}
     bool SegmentedCodeCache                       = true                                      {product} {ergonomic}
     bool UseCompressedClassPointers               = true                                 {lp64_product} {ergonomic}
     bool UseCompressedOops                        = true                                 {lp64_product} {ergonomic}
     bool UseG1GC                                  = true                                      {product} {ergonomic}
     bool UseLargePagesIndividualAllocation        = false                                  {pd product} {ergonomic}

Logging:
Log output configuration:
 #0: stdout all=warning uptime,level,tags
 #1: stderr all=off uptime,level,tags

Environment Variables:
PATH=C:/Users/josel/Downloads/eclipse//plugins/org.eclipse.justj.openjdk.hotspot.jre.full.win32.x86_64_16.0.2.v20210721-1149/jre/bin/server;C:/Users/josel/Downloads/eclipse//plugins/org.eclipse.justj.openjdk.hotspot.jre.full.win32.x86_64_16.0.2.v20210721-1149/jre/bin;C:\Program Files\Common Files\Oracle\Java\javapath;C:\Windows\system32;C:\Windows;C:\Windows\System32\Wbem;C:\Windows\System32\WindowsPowerShell\v1.0\;C:\Windows\System32\OpenSSH\;C:\Program Files\Git\cmd;C:\Users\josel\AppData\Local\Microsoft\WindowsApps;;C:\Users\josel\AppData\Local\Programs\Microsoft VS Code\bin;C:\Users\josel\Downloads\eclipse;
USERNAME=josel
OS=Windows_NT
PROCESSOR_IDENTIFIER=Intel64 Family 6 Model 158 Stepping 10, GenuineIntel



---------------  S Y S T E M  ---------------

OS: Windows 10 , 64 bit Build 19041 (10.0.19041.1348)

CPU:total 8 (initial active 8) (4 cores per cpu, 2 threads per core) family 6 model 158 stepping 10 microcode 0xb4, cmov, cx8, fxsr, mmx, sse, sse2, sse3, ssse3, sse4.1, sse4.2, popcnt, avx, avx2, aes, clmul, erms, 3dnowpref, lzcnt, ht, tsc, tscinvbit, bmi1, bmi2, adx, fma

Memory: 4k page, system-wide physical 8042M (1131M free)
TotalPageFile size 13162M (AvailPageFile size 63M)
current process WorkingSet (physical memory assigned to process): 9M, peak: 9M
current process commit charge ("private bytes"): 60M, peak: 186M

vm_info: Java HotSpot(TM) 64-Bit Server VM (11.0.11+9-LTS-194) for windows-amd64 JRE (11.0.11+9-LTS-194), built on Mar 18 2021 18:46:53 by "mach5one" with MS VC++ 15.9 (VS2017)

END.
